<?xml version="1.0" encoding="UTF-8"?>
<!-- Generated by org.testng.reporters.JUnitXMLReporter -->
<testsuite hostname="BASAPPA" ignored="0" name="Test" tests="3" failures="0" timestamp="05 Dec 2020 08:31:47 GMT" time="75.845" errors="0">
  <testcase name="NativeAppValidation" time="33.631" classname="Practise.AppiumFramework.Ecommerce_tc_5"/>
  <testcase name="apiDemo" time="21.332" classname="Practise.AppiumFramework.ApiDemoTest"/>
  <testcase name="apiDemo" time="20.828" classname="Practise.AppiumFramework.ApiDemoTest"/>
</testsuite> <!-- Test -->
