<?xml version="1.0" encoding="UTF-8"?>
<!-- Generated by org.testng.reporters.JUnitXMLReporter -->
<testsuite hostname="BASAPPA" ignored="0" name="Test" tests="3" failures="0" timestamp="06 Dec 2020 14:35:33 GMT" time="77.774" errors="0">
  <testcase name="NativeAppValidation" time="36.176" classname="Practise.AppiumFramework.Ecommerce_tc_5"/>
  <testcase name="apiDemo" time="21.922" classname="Practise.AppiumFramework.ApiDemoTest"/>
  <testcase name="apiDemo" time="19.613" classname="Practise.AppiumFramework.ApiDemoTest"/>
</testsuite> <!-- Test -->
