<?xml version="1.0" encoding="UTF-8"?>
<testng-results skipped="0" failed="0" ignored="0" total="3" passed="3">
  <reporter-output>
  </reporter-output>
  <suite name="Suite" duration-ms="75845" started-at="2020-12-05T08:30:32Z" finished-at="2020-12-05T08:31:47Z">
    <groups>
    </groups>
    <test name="Test" duration-ms="75845" started-at="2020-12-05T08:30:32Z" finished-at="2020-12-05T08:31:47Z">
      <class name="Practise.AppiumFramework.Ecommerce_tc_5">
        <test-method status="PASS" signature="NativeAppValidation()[pri:0, instance:Practise.AppiumFramework.Ecommerce_tc_5@5ce81285]" name="NativeAppValidation" duration-ms="33631" started-at="2020-12-05T14:00:32Z" finished-at="2020-12-05T14:01:05Z">
          <reporter-output>
          </reporter-output>
        </test-method> <!-- NativeAppValidation -->
      </class> <!-- Practise.AppiumFramework.Ecommerce_tc_5 -->
      <class name="Practise.AppiumFramework.ApiDemoTest">
        <test-method status="PASS" signature="apiDemo(java.lang.String)[pri:0, instance:Practise.AppiumFramework.ApiDemoTest@4fe3c938]" name="apiDemo" duration-ms="21332" started-at="2020-12-05T14:01:05Z" data-provider="InputData" finished-at="2020-12-05T14:01:27Z">
          <params>
            <param index="0">
              <value>
                <![CDATA[Hello]]>
              </value>
            </param>
          </params>
          <reporter-output>
          </reporter-output>
        </test-method> <!-- apiDemo -->
        <test-method status="PASS" signature="apiDemo(java.lang.String)[pri:0, instance:Practise.AppiumFramework.ApiDemoTest@4fe3c938]" name="apiDemo" duration-ms="20828" started-at="2020-12-05T14:01:27Z" data-provider="InputData" finished-at="2020-12-05T14:01:47Z">
          <params>
            <param index="0">
              <value>
                <![CDATA[!@#$]]>
              </value>
            </param>
          </params>
          <reporter-output>
          </reporter-output>
        </test-method> <!-- apiDemo -->
      </class> <!-- Practise.AppiumFramework.ApiDemoTest -->
    </test> <!-- Test -->
  </suite> <!-- Suite -->
</testng-results>
